<?xml version="1.0" encoding="UTF-8"?>
<testng-results skipped="0" failed="0" ignored="0" total="1" passed="1">
  <reporter-output>
  </reporter-output>
  <suite name="Suite" duration-ms="12553" started-at="2019-09-20T13:40:29 IST" finished-at="2019-09-20T13:40:41 IST">
    <groups>
    </groups>
    <test name="Test" duration-ms="12553" started-at="2019-09-20T13:40:29 IST" finished-at="2019-09-20T13:40:41 IST">
      <class name="tests.NewTest">
        <test-method status="PASS" signature="beforeClass()[pri:0, instance:tests.NewTest@15b3e5b]" name="beforeClass" is-config="true" duration-ms="5587" started-at="2019-09-20T13:40:29 IST" finished-at="2019-09-20T13:40:35 IST">
          <reporter-output>
          </reporter-output>
        </test-method> <!-- beforeClass -->
        <test-method status="PASS" signature="openMyBlog()[pri:0, instance:tests.NewTest@15b3e5b]" name="openMyBlog" duration-ms="5555" started-at="2019-09-20T13:40:35 IST" finished-at="2019-09-20T13:40:40 IST">
          <reporter-output>
          </reporter-output>
        </test-method> <!-- openMyBlog -->
        <test-method status="PASS" signature="afterClass()[pri:0, instance:tests.NewTest@15b3e5b]" name="afterClass" is-config="true" duration-ms="1366" started-at="2019-09-20T13:40:40 IST" finished-at="2019-09-20T13:40:41 IST">
          <reporter-output>
          </reporter-output>
        </test-method> <!-- afterClass -->
      </class> <!-- tests.NewTest -->
    </test> <!-- Test -->
  </suite> <!-- Suite -->
</testng-results>
